<?xml version="1.0" encoding="UTF-8"?>
<testsuite xmlns:xsi="http://www.w3.org/2001/XMLSchema-instance" xsi:noNamespaceSchemaLocation="https://maven.apache.org/surefire/maven-surefire-plugin/xsd/surefire-test-report-3.0.xsd" version="3.0" name="com.example.taskapi.repository.TaskRepositoryTest" time="0.468" tests="4" errors="0" skipped="0" failures="0">
  <properties>
[...]
</properties>
  <testcase name="testFindByCreatedAtAfter" classname="com.example.taskapi.repository.TaskRepositoryTest" time="0.024">
    <system-out><![CDATA[2025-08-08 15:28:26 INFO  o.s.t.c.s.AnnotationConfigContextLoaderUtils - Could not detect default configuration classes for test class [com.example.taskapi.repository.TaskRepositoryTest]: TaskRepositoryTest does not declare any static, non-private, non-final, nested classes annotated with @Configuration.
2025-08-08 15:28:26 INFO  o.s.b.t.c.SpringBootTestContextBootstrapper - Found @SpringBootConfiguration com.example.taskapi.TaskApiApplication for test class com.example.taskapi.repository.TaskRepositoryTest

  .   ____          _            __ _ _
 /\\ / ___'_ __ _ _(_)_ __  __ _ \ \ \ \
( ( )\___ | '_ | '_| | '_ \/ _` | \ \ \ \
 \\/  ___)| |_)| | | | | || (_| |  ) ) ) )
  '  |____| .__|_| |_|_| |_\__, | / / / /
 =========|_|==============|___/=/_/_/_/
 :: Spring Boot ::                (v3.1.0)

2025-08-08 15:28:26 INFO  c.e.t.repository.TaskRepositoryTest - Starting TaskRepositoryTest using Java 17.0.12 with PID 27572 (started by myema in C:\code\12. Microservices - REST\task-tracker-rest)
2025-08-08 15:28:26 INFO  c.e.t.repository.TaskRepositoryTest - No active profile set, falling back to 1 default profile: "default"
2025-08-08 15:28:26 INFO  o.s.d.r.c.RepositoryConfigurationDelegate - Bootstrapping Spring Data JPA repositories in DEFAULT mode.
2025-08-08 15:28:26 INFO  o.s.d.r.c.RepositoryConfigurationDelegate - Finished Spring Data repository scanning in 9 ms. Found 1 JPA repository interfaces.
2025-08-08 15:28:26 INFO  o.s.b.t.a.j.TestDatabaseAutoConfiguration$EmbeddedDataSourceBeanFactoryPostProcessor - Replacing 'dataSource' DataSource bean with embedded version
2025-08-08 15:28:26 INFO  o.s.j.d.e.EmbeddedDatabaseFactory - Starting embedded database: url='jdbc:h2:mem:61f75814-d251-48da-8c0c-ddbb7b5ef3d3;DB_CLOSE_DELAY=-1;DB_CLOSE_ON_EXIT=false', username='sa'
2025-08-08 15:28:26 INFO  o.h.jpa.internal.util.LogHelper - HHH000204: Processing PersistenceUnitInfo [name: default]
2025-08-08 15:28:26 INFO  o.h.c.i.RegionFactoryInitiator - HHH000026: Second-level cache disabled
2025-08-08 15:28:26 INFO  o.s.o.j.p.SpringPersistenceUnitInfo - No LoadTimeWeaver setup: ignoring JPA class transformer
2025-08-08 15:28:26 INFO  o.h.e.t.j.p.i.JtaPlatformInitiator - HHH000489: No JTA platform available (set 'hibernate.transaction.jta.platform' to enable JTA platform integration)
Hibernate: drop table if exists tasks cascade 
Hibernate: create table tasks (completed boolean not null, created_at timestamp(6), id bigint generated by default as identity, updated_at timestamp(6), description varchar(255), title varchar(255) not null, primary key (id))
2025-08-08 15:28:26 INFO  o.s.o.j.LocalContainerEntityManagerFactoryBean - Initialized JPA EntityManagerFactory for persistence unit 'default'
2025-08-08 15:28:27 INFO  c.e.t.repository.TaskRepositoryTest - Started TaskRepositoryTest in 0.335 seconds (process running for 12.919)
Hibernate: select t1_0.id,t1_0.completed,t1_0.created_at,t1_0.description,t1_0.title,t1_0.updated_at from tasks t1_0
Hibernate: insert into tasks (completed,created_at,description,title,updated_at,id) values (?,?,?,?,?,default)
Hibernate: insert into tasks (completed,created_at,description,title,updated_at,id) values (?,?,?,?,?,default)
Hibernate: select t1_0.id,t1_0.completed,t1_0.created_at,t1_0.description,t1_0.title,t1_0.updated_at from tasks t1_0 where t1_0.created_at>?
]]></system-out>
  </testcase>
  <testcase name="testFindByCompletedTrue" classname="com.example.taskapi.repository.TaskRepositoryTest" time="0.025">
    <system-out><![CDATA[Hibernate: select t1_0.id,t1_0.completed,t1_0.created_at,t1_0.description,t1_0.title,t1_0.updated_at from tasks t1_0
Hibernate: insert into tasks (completed,created_at,description,title,updated_at,id) values (?,?,?,?,?,default)
Hibernate: insert into tasks (completed,created_at,description,title,updated_at,id) values (?,?,?,?,?,default)
Hibernate: select t1_0.id,t1_0.completed,t1_0.created_at,t1_0.description,t1_0.title,t1_0.updated_at from tasks t1_0 where t1_0.completed
]]></system-out>
  </testcase>
  <testcase name="testFindByTitleOrDescriptionContainingIgnoreCase" classname="com.example.taskapi.repository.TaskRepositoryTest" time="0.024">
    <system-out><![CDATA[Hibernate: select t1_0.id,t1_0.completed,t1_0.created_at,t1_0.description,t1_0.title,t1_0.updated_at from tasks t1_0
Hibernate: insert into tasks (completed,created_at,description,title,updated_at,id) values (?,?,?,?,?,default)
Hibernate: insert into tasks (completed,created_at,description,title,updated_at,id) values (?,?,?,?,?,default)
Hibernate: select t1_0.id,t1_0.completed,t1_0.created_at,t1_0.description,t1_0.title,t1_0.updated_at from tasks t1_0 where t1_0.title=? or upper(t1_0.description) like upper(?) escape '\'
]]></system-out>
  </testcase>
  <testcase name="testFindByTitleContainingIgnoreCase" classname="com.example.taskapi.repository.TaskRepositoryTest" time="0.024">
    <system-out><![CDATA[Hibernate: select t1_0.id,t1_0.completed,t1_0.created_at,t1_0.description,t1_0.title,t1_0.updated_at from tasks t1_0
Hibernate: insert into tasks (completed,created_at,description,title,updated_at,id) values (?,?,?,?,?,default)
Hibernate: insert into tasks (completed,created_at,description,title,updated_at,id) values (?,?,?,?,?,default)
Hibernate: select t1_0.id,t1_0.completed,t1_0.created_at,t1_0.description,t1_0.title,t1_0.updated_at from tasks t1_0 where upper(t1_0.title) like upper(?) escape '\'
]]></system-out>
  </testcase>
</testsuite>